2018-03-29 00:47:34.7318 INFO One Apple was created 
2018-03-29 00:47:34.7999 INFO One Apple was created 
2018-03-29 00:47:34.8090 INFO One Apple was created 
2018-03-29 00:47:34.8090 INFO One Apple was created 
2018-03-29 00:47:34.8230 INFO One Apple was created 
2018-03-29 00:47:34.8230 INFO All Apples were created
2018-03-29 00:47:34.8481 INFO One Enemey was created 
2018-03-29 00:47:34.8561 INFO All Enemies were created
2018-03-29 00:47:34.8561 INFO One Enemey was created 
2018-03-29 00:47:34.8812 INFO All Enemies were created
2018-03-29 00:47:34.8922 INFO One Enemey was created 
2018-03-29 00:47:34.8922 INFO All Enemies were created
2018-03-29 00:47:34.9092 INFO One Enemey was created 
2018-03-29 00:47:34.9092 INFO All Enemies were created
2018-03-29 00:47:34.9213 INFO One Enemey was created 
2018-03-29 00:47:34.9213 INFO All Enemies were created
2018-03-29 00:47:42.9520 INFO Try to find player  by predicate.
2018-03-29 00:47:45.3996 INFO Try to find player  by predicate.
2018-03-29 00:47:45.4143 INFO Try to find player  by predicate.
2018-03-29 00:47:47.2784 INFO The game is being launched
2018-03-29 00:47:47.2784 INFO Start Game in the method Play()
2018-03-29 00:47:56.9421 INFO The game was stopped
2018-03-29 22:52:26.0975 INFO One Apple was created 
2018-03-29 22:52:26.1376 INFO One Apple was created 
2018-03-29 22:52:26.1376 INFO One Apple was created 
2018-03-29 22:52:26.1516 INFO One Apple was created 
2018-03-29 22:52:26.1516 INFO One Apple was created 
2018-03-29 22:52:26.1516 INFO All Apples were created
2018-03-29 22:52:26.1757 INFO One Enemey was created 
2018-03-29 22:52:26.1757 INFO All Enemies were created
2018-03-29 22:52:26.1877 INFO One Enemey was created 
2018-03-29 22:52:26.1877 INFO All Enemies were created
2018-03-29 22:52:26.2007 INFO One Enemey was created 
2018-03-29 22:52:26.2007 INFO All Enemies were created
2018-03-29 22:52:26.2007 INFO One Enemey was created 
2018-03-29 22:52:26.2160 INFO All Enemies were created
2018-03-29 22:52:26.2160 INFO One Enemey was created 
2018-03-29 22:52:26.2160 INFO All Enemies were created
2018-03-29 22:52:36.8748 INFO One Apple was created 
2018-03-29 22:52:36.9139 INFO One Apple was created 
2018-03-29 22:52:36.9189 INFO One Apple was created 
2018-03-29 22:52:36.9189 INFO One Apple was created 
2018-03-29 22:52:36.9189 INFO One Apple was created 
2018-03-29 22:52:36.9329 INFO All Apples were created
2018-03-29 22:52:36.9329 INFO One Enemey was created 
2018-03-29 22:52:36.9479 INFO All Enemies were created
2018-03-29 22:52:36.9479 INFO One Enemey was created 
2018-03-29 22:52:36.9479 INFO All Enemies were created
2018-03-29 22:52:36.9680 INFO One Enemey was created 
2018-03-29 22:52:36.9680 INFO All Enemies were created
2018-03-29 22:52:36.9800 INFO One Enemey was created 
2018-03-29 22:52:36.9800 INFO All Enemies were created
2018-03-29 22:52:36.9800 INFO One Enemey was created 
2018-03-29 22:52:36.9971 INFO All Enemies were created
