2018-04-10 22:14:27.6950 INFO One Wall was created 
2018-04-10 22:14:27.7262 INFO One Wall was created 
2018-04-10 22:14:27.7262 INFO One Wall was created 
2018-04-10 22:14:27.7262 INFO One Wall was created 
2018-04-10 22:14:27.7262 INFO One Wall was created 
2018-04-10 22:14:27.7262 INFO One Wall was created 
2018-04-10 22:14:27.7419 INFO One Wall was created 
2018-04-10 22:14:27.7419 INFO One Wall was created 
2018-04-10 22:14:27.7419 INFO One Wall was created 
2018-04-10 22:14:27.7419 INFO One Wall was created 
2018-04-10 22:14:27.7419 INFO One Wall was created 
2018-04-10 22:14:27.7419 INFO One Wall was created 
2018-04-10 22:14:27.7419 INFO One Wall was created 
2018-04-10 22:14:27.7419 INFO One Wall was created 
2018-04-10 22:14:27.7419 INFO One Wall was created 
2018-04-10 22:14:27.7419 INFO One Wall was created 
2018-04-10 22:14:27.7419 INFO One Wall was created 
2018-04-10 22:14:27.7419 INFO One Wall was created 
2018-04-10 22:14:27.7419 INFO One Wall was created 
2018-04-10 22:14:27.7419 INFO One Wall was created 
2018-04-10 22:14:27.7419 INFO All Walls were created
2018-04-10 22:14:27.7419 INFO One Apple was created 
2018-04-10 22:14:27.7419 INFO One Apple was created 
2018-04-10 22:14:27.7419 INFO One Apple was created 
2018-04-10 22:14:27.7419 INFO One Apple was created 
2018-04-10 22:14:27.7419 INFO One Apple was created 
2018-04-10 22:14:27.7419 INFO All Apples were created
2018-04-10 22:14:27.7575 INFO One Enemey was created 
2018-04-10 22:14:27.7575 INFO All Enemies were created
2018-04-10 22:14:27.7575 INFO One Enemey was created 
2018-04-10 22:14:27.7575 INFO All Enemies were created
2018-04-10 22:14:27.7575 INFO One Enemey was created 
2018-04-10 22:14:27.7575 INFO All Enemies were created
2018-04-10 22:14:27.7575 INFO One Enemey was created 
2018-04-10 22:14:27.7575 INFO All Enemies were created
2018-04-10 22:14:27.7575 INFO One Enemey was created 
2018-04-10 22:14:27.7575 INFO All Enemies were created
2018-04-10 22:14:27.7575 INFO Try find the Player by id
2018-04-10 22:14:47.1563 INFO Try to find player  by predicate.
2018-04-10 22:14:47.1992 INFO Try to find player  by predicate.
2018-04-10 22:14:47.1992 INFO Try to find player  by predicate.
2018-04-10 22:14:49.7736 INFO Try find all Players by id
2018-04-10 22:14:53.1684 INFO Additional plugin was loaded
2018-04-10 22:14:55.8970 INFO Additional plugin was loaded
2018-04-10 22:14:57.9459 INFO Additional plugin was loaded
2018-04-10 22:15:00.0254 INFO Additional plugin was loaded
2018-04-10 22:17:19.5530 INFO The game is being launched
2018-04-10 22:17:21.6809 INFO Try to update the Player
2018-04-10 22:17:21.8436 INFO Player was updated
2018-04-10 22:17:21.8436 INFO Additional plugin was loaded
2018-04-10 22:17:21.8636 INFO Additional plugin was loaded
2018-04-10 22:17:21.8636 INFO The game is being launched
2018-04-10 22:17:34.6718 INFO Try to update the Player
2018-04-10 22:17:34.7019 INFO Player was updated
2018-04-10 22:17:34.7019 INFO Additional plugin was loaded
2018-04-10 22:17:34.7440 INFO Additional plugin was loaded
2018-04-10 22:17:34.7440 INFO The game is being launched
2018-04-10 22:17:50.3320 INFO Try to update the Player
2018-04-10 22:17:50.3632 INFO Player was updated
2018-04-10 22:17:50.3632 INFO Additional plugin was loaded
2018-04-10 22:17:50.4005 INFO Additional plugin was loaded
2018-04-10 22:17:50.4005 INFO The game is being launched
2018-04-10 22:18:01.6759 INFO Try to update the Player
2018-04-10 22:18:01.7137 INFO Player was updated
2018-04-10 22:18:07.1896 INFO Additional plugin was loaded
2018-04-10 22:18:07.2208 INFO Additional plugin was loaded
2018-04-10 22:18:07.2208 INFO The game is being launched
2018-04-10 22:18:18.9500 INFO One Wall was created 
2018-04-10 22:18:18.9721 INFO One Wall was created 
2018-04-10 22:18:18.9721 INFO One Wall was created 
2018-04-10 22:18:18.9721 INFO One Wall was created 
2018-04-10 22:18:18.9721 INFO One Wall was created 
2018-04-10 22:18:18.9877 INFO One Wall was created 
2018-04-10 22:18:18.9877 INFO One Wall was created 
2018-04-10 22:18:18.9877 INFO One Wall was created 
2018-04-10 22:18:18.9877 INFO One Wall was created 
2018-04-10 22:18:18.9877 INFO One Wall was created 
2018-04-10 22:18:18.9877 INFO One Wall was created 
2018-04-10 22:18:18.9877 INFO One Wall was created 
2018-04-10 22:18:18.9877 INFO One Wall was created 
2018-04-10 22:18:18.9877 INFO One Wall was created 
2018-04-10 22:18:18.9877 INFO One Wall was created 
2018-04-10 22:18:18.9877 INFO One Wall was created 
2018-04-10 22:18:18.9877 INFO One Wall was created 
2018-04-10 22:18:18.9877 INFO One Wall was created 
2018-04-10 22:18:18.9877 INFO One Wall was created 
2018-04-10 22:18:18.9877 INFO One Wall was created 
2018-04-10 22:18:18.9877 INFO All Walls were created
2018-04-10 22:18:18.9877 INFO One Apple was created 
2018-04-10 22:18:18.9877 INFO One Apple was created 
2018-04-10 22:18:18.9877 INFO One Apple was created 
2018-04-10 22:18:18.9877 INFO One Apple was created 
2018-04-10 22:18:18.9877 INFO One Apple was created 
2018-04-10 22:18:18.9877 INFO All Apples were created
2018-04-10 22:18:19.0034 INFO One Enemey was created 
2018-04-10 22:18:19.0034 INFO All Enemies were created
2018-04-10 22:18:19.0034 INFO One Enemey was created 
2018-04-10 22:18:19.0034 INFO All Enemies were created
2018-04-10 22:18:19.0034 INFO One Enemey was created 
2018-04-10 22:18:19.0034 INFO All Enemies were created
2018-04-10 22:18:19.0034 INFO One Enemey was created 
2018-04-10 22:18:19.0034 INFO All Enemies were created
2018-04-10 22:18:19.0034 INFO All Enemies were created
2018-04-10 22:18:19.0034 INFO All Enemies were created
2018-04-10 22:18:19.0034 INFO One Enemey was created 
2018-04-10 22:18:19.0034 INFO All Enemies were created
2018-04-10 22:18:19.0034 INFO Try find the Player by id
