2018-04-01 00:19:50.4973 INFO One Apple was created 
2018-04-01 00:19:50.5364 INFO One Apple was created 
2018-04-01 00:19:50.5364 INFO One Apple was created 
2018-04-01 00:19:50.5484 INFO One Apple was created 
2018-04-01 00:19:50.5484 INFO One Apple was created 
2018-04-01 00:19:50.5484 INFO All Apples were created
2018-04-01 00:19:50.5690 INFO One Enemey was created 
2018-04-01 00:19:50.5690 INFO All Enemies were created
2018-04-01 00:19:50.5806 INFO One Enemey was created 
2018-04-01 00:19:50.5806 INFO All Enemies were created
2018-04-01 00:19:50.5806 INFO One Enemey was created 
2018-04-01 00:19:50.5991 INFO All Enemies were created
2018-04-01 00:19:50.5991 INFO One Enemey was created 
2018-04-01 00:19:50.6121 INFO All Enemies were created
2018-04-01 00:19:50.6121 INFO One Enemey was created 
2018-04-01 00:19:50.6121 INFO All Enemies were created
2018-04-01 00:19:59.8052 INFO Try to find player  by predicate.
2018-04-01 00:20:05.2083 INFO Try to find player  by predicate.
2018-04-01 00:20:05.2589 INFO Try to find player  by predicate.
2018-04-01 00:20:08.4702 INFO Additional plugin was loaded
2018-04-01 00:20:09.6436 INFO One Apple was created 
2018-04-01 00:20:09.6592 INFO One Apple was created 
2018-04-01 00:20:09.6767 INFO One Apple was created 
2018-04-01 00:20:09.6923 INFO One Apple was created 
2018-04-01 00:20:09.7073 INFO One Apple was created 
2018-04-01 00:20:09.7208 INFO All Apples were created
2018-04-01 00:20:09.7409 INFO One Enemey was created 
2018-04-01 00:20:09.7544 INFO All Enemies were created
2018-04-01 00:20:09.7746 INFO One Enemey was created 
2018-04-01 00:20:09.7875 INFO All Enemies were created
2018-04-01 00:20:09.8071 INFO One Enemey was created 
2018-04-01 00:20:09.8199 INFO All Enemies were created
2018-04-01 00:20:09.8396 INFO One Enemey was created 
2018-04-01 00:20:09.8517 INFO All Enemies were created
2018-04-01 00:20:09.8729 INFO One Enemey was created 
2018-04-01 00:20:09.8884 INFO All Enemies were created
2018-04-01 00:20:10.7378 INFO Additional plugin was loaded
2018-04-01 00:20:11.5158 INFO One Apple was created 
2018-04-01 00:20:11.5308 INFO One Apple was created 
2018-04-01 00:20:11.5494 INFO One Apple was created 
2018-04-01 00:20:11.5639 INFO One Apple was created 
2018-04-01 00:20:11.5805 INFO One Apple was created 
2018-04-01 00:20:11.5950 INFO All Apples were created
2018-04-01 00:20:11.6150 INFO One Enemey was created 
2018-04-01 00:20:11.6276 INFO All Enemies were created
2018-04-01 00:20:11.6486 INFO One Enemey was created 
2018-04-01 00:20:11.6622 INFO All Enemies were created
2018-04-01 00:20:11.6807 INFO One Enemey was created 
2018-04-01 00:20:11.6937 INFO All Enemies were created
2018-04-01 00:20:11.7183 INFO One Enemey was created 
2018-04-01 00:20:11.7323 INFO All Enemies were created
2018-04-01 00:20:11.7529 INFO One Enemey was created 
2018-04-01 00:20:11.7689 INFO All Enemies were created
2018-04-01 00:20:14.5554 INFO The game is being launched
2018-04-01 00:20:14.5554 INFO Start Game in the method Play()
2018-04-01 00:20:26.7655 INFO The game is over.The player are looser.
2018-04-01 00:20:26.8201 INFO Try to update the Player
2018-04-01 00:20:27.1386 INFO Player was updated
2018-04-01 00:20:28.2141 INFO One Apple was created 
2018-04-01 00:20:28.2231 INFO One Apple was created 
2018-04-01 00:20:28.2231 INFO One Apple was created 
2018-04-01 00:20:28.2356 INFO One Apple was created 
2018-04-01 00:20:28.2356 INFO One Apple was created 
2018-04-01 00:20:28.2356 INFO All Apples were created
2018-04-01 00:20:28.2547 INFO One Enemey was created 
2018-04-01 00:20:28.2547 INFO All Enemies were created
2018-04-01 00:20:28.2687 INFO One Enemey was created 
2018-04-01 00:20:28.2687 INFO All Enemies were created
2018-04-01 00:20:28.2687 INFO One Enemey was created 
2018-04-01 00:20:28.2862 INFO All Enemies were created
2018-04-01 00:20:28.2862 INFO One Enemey was created 
2018-04-01 00:20:28.3018 INFO All Enemies were created
2018-04-01 00:20:28.3018 INFO One Enemey was created 
2018-04-01 00:20:28.3143 INFO All Enemies were created
2018-04-01 00:20:28.3143 INFO The game is being launched
2018-04-01 00:20:28.3143 INFO Start Game in the method Play()
2018-04-01 00:20:54.7874 INFO One Apple was created 
2018-04-01 00:20:54.8385 INFO One Apple was created 
2018-04-01 00:20:54.8445 INFO One Apple was created 
2018-04-01 00:20:54.8445 INFO One Apple was created 
2018-04-01 00:20:54.8611 INFO One Apple was created 
2018-04-01 00:20:54.8611 INFO All Apples were created
2018-04-01 00:20:54.9207 INFO One Enemey was created 
2018-04-01 00:20:54.9298 INFO All Enemies were created
2018-04-01 00:20:54.9403 INFO One Enemey was created 
2018-04-01 00:20:54.9403 INFO All Enemies were created
2018-04-01 00:20:54.9593 INFO One Enemey was created 
2018-04-01 00:20:54.9593 INFO All Enemies were created
2018-04-01 00:20:54.9809 INFO One Enemey was created 
2018-04-01 00:20:54.9869 INFO All Enemies were created
2018-04-01 00:20:54.9869 INFO One Enemey was created 
2018-04-01 00:20:55.0015 INFO All Enemies were created
2018-04-01 00:20:59.5134 INFO Try to find player  by predicate.
2018-04-01 00:21:03.8073 INFO Try to find player  by predicate.
2018-04-01 00:21:03.8218 INFO Try to find player  by predicate.
2018-04-01 00:21:07.5259 INFO The game is being launched
2018-04-01 00:21:07.5324 INFO Start Game in the method Play()
2018-04-01 00:21:33.8573 INFO The game is over.The player are winner.
2018-04-01 00:21:33.9045 INFO Try to update the Player
2018-04-01 00:21:34.2450 INFO Player was updated
2018-04-01 00:21:38.3995 INFO One Apple was created 
2018-04-01 00:21:38.4100 INFO One Apple was created 
2018-04-01 00:21:38.4100 INFO One Apple was created 
2018-04-01 00:21:38.4413 INFO One Apple was created 
2018-04-01 00:21:38.4627 INFO One Apple was created 
2018-04-01 00:21:38.4793 INFO All Apples were created
2018-04-01 00:21:38.5003 INFO One Enemey was created 
2018-04-01 00:21:38.5155 INFO All Enemies were created
2018-04-01 00:21:38.5350 INFO One Enemey was created 
2018-04-01 00:21:38.5500 INFO All Enemies were created
2018-04-01 00:21:38.5771 INFO One Enemey was created 
2018-04-01 00:21:38.5932 INFO All Enemies were created
2018-04-01 00:21:38.6123 INFO One Enemey was created 
2018-04-01 00:21:38.6268 INFO All Enemies were created
2018-04-01 00:21:38.6519 INFO One Enemey was created 
2018-04-01 00:21:38.6684 INFO All Enemies were created
2018-04-01 00:21:38.6894 INFO The game is being launched
2018-04-01 00:21:38.6894 INFO Start Game in the method Play()
2018-04-01 00:22:30.8225 INFO One Apple was created 
2018-04-01 00:22:30.8646 INFO One Apple was created 
2018-04-01 00:22:30.8646 INFO One Apple was created 
2018-04-01 00:22:30.8777 INFO One Apple was created 
2018-04-01 00:22:30.8777 INFO One Apple was created 
2018-04-01 00:22:30.8777 INFO All Apples were created
2018-04-01 00:22:30.9027 INFO One Enemey was created 
2018-04-01 00:22:30.9108 INFO All Enemies were created
2018-04-01 00:22:30.9108 INFO One Enemey was created 
2018-04-01 00:22:30.9288 INFO All Enemies were created
2018-04-01 00:22:30.9288 INFO One Enemey was created 
2018-04-01 00:22:30.9419 INFO All Enemies were created
2018-04-01 00:22:30.9419 INFO One Enemey was created 
2018-04-01 00:22:30.9544 INFO All Enemies were created
2018-04-01 00:22:30.9544 INFO One Enemey was created 
2018-04-01 00:22:30.9544 INFO All Enemies were created
2018-04-01 00:41:35.3268 INFO One Apple was created 
2018-04-01 00:41:35.3790 INFO One Apple was created 
2018-04-01 00:41:35.3790 INFO One Apple was created 
2018-04-01 00:41:35.3950 INFO One Apple was created 
2018-04-01 00:41:35.3950 INFO One Apple was created 
2018-04-01 00:41:35.4121 INFO All Apples were created
2018-04-01 00:41:35.4281 INFO One Enemey was created 
2018-04-01 00:41:35.4281 INFO All Enemies were created
2018-04-01 00:41:35.4482 INFO One Enemey was created 
2018-04-01 00:41:35.4562 INFO All Enemies were created
2018-04-01 00:41:35.4562 INFO One Enemey was created 
2018-04-01 00:41:35.4742 INFO All Enemies were created
2018-04-01 00:41:35.4883 INFO One Enemey was created 
2018-04-01 00:41:35.4883 INFO All Enemies were created
2018-04-01 00:41:35.5143 INFO One Enemey was created 
2018-04-01 00:41:35.5274 INFO All Enemies were created
2018-04-01 00:41:40.5501 INFO Try to find player  by predicate.
2018-04-01 00:41:44.3698 INFO Try to find player  by predicate.
2018-04-01 00:41:44.3828 INFO Try to find player  by predicate.
2018-04-01 00:42:12.2066 INFO The game is being launched
2018-04-01 00:42:12.2066 INFO Start Game in the method Play()
2018-04-01 00:42:18.9122 INFO The game was stopped
2018-04-01 00:42:20.0351 INFO Additional plugin was loaded
2018-04-01 00:42:21.0811 INFO The game is being launched
2018-04-01 00:42:27.2640 INFO Try to update the Player
2018-04-01 00:42:27.4337 INFO Player was updated
2018-04-01 00:43:14.6087 INFO One Apple was created 
2018-04-01 00:43:14.6719 INFO One Apple was created 
2018-04-01 00:43:14.6829 INFO One Apple was created 
2018-04-01 00:43:14.6919 INFO One Apple was created 
2018-04-01 00:43:14.6919 INFO One Apple was created 
2018-04-01 00:43:14.7080 INFO All Apples were created
2018-04-01 00:43:14.7230 INFO One Enemey was created 
2018-04-01 00:43:14.7230 INFO All Enemies were created
2018-04-01 00:43:14.7471 INFO One Enemey was created 
2018-04-01 00:43:14.7551 INFO All Enemies were created
2018-04-01 00:43:14.7692 INFO One Enemey was created 
2018-04-01 00:43:14.7692 INFO All Enemies were created
2018-04-01 00:43:14.7892 INFO One Enemey was created 
2018-04-01 00:43:14.7982 INFO All Enemies were created
2018-04-01 00:43:14.8133 INFO One Enemey was created 
2018-04-01 00:43:14.8133 INFO All Enemies were created
2018-04-01 00:43:59.4088 INFO Try to find player  by predicate.
2018-04-01 00:44:01.7178 INFO Try to find player  by predicate.
2018-04-01 00:44:01.7409 INFO Try to find player  by predicate.
2018-04-01 00:44:05.4837 INFO The game is being launched
2018-04-01 00:44:05.4877 INFO Start Game in the method Play()
2018-04-01 00:44:06.0218 INFO The game was stopped
2018-04-01 00:44:07.0687 INFO The game is being launched
2018-04-01 00:44:07.0687 INFO Start Game in the method Play()
2018-04-01 00:44:30.6603 INFO The game was stopped
2018-04-01 00:44:32.5660 INFO Additional plugin was loaded
2018-04-01 00:44:33.5557 INFO The game is being launched
2018-04-01 00:44:38.1217 INFO Try to update the Player
2018-04-01 00:44:38.3015 INFO Player was updated
2018-04-01 00:44:41.3775 INFO Additional plugin was loaded
2018-04-01 00:44:41.3775 INFO The game is being launched
2018-04-01 00:53:10.7809 INFO One Apple was created 
2018-04-01 00:53:10.8260 INFO One Apple was created 
2018-04-01 00:53:10.8360 INFO One Apple was created 
2018-04-01 00:53:10.8451 INFO One Apple was created 
2018-04-01 00:53:10.8451 INFO One Apple was created 
2018-04-01 00:53:10.8451 INFO All Apples were created
2018-04-01 00:53:10.8701 INFO One Enemey was created 
2018-04-01 00:53:10.8761 INFO All Enemies were created
2018-04-01 00:53:10.8761 INFO One Enemey was created 
2018-04-01 00:53:10.8761 INFO All Enemies were created
2018-04-01 00:53:10.8982 INFO One Enemey was created 
2018-04-01 00:53:10.8982 INFO All Enemies were created
2018-04-01 00:53:10.9092 INFO One Enemey was created 
2018-04-01 00:53:10.9092 INFO All Enemies were created
2018-04-01 00:53:10.9092 INFO One Enemey was created 
2018-04-01 00:53:10.9253 INFO All Enemies were created
2018-04-01 00:53:26.2047 INFO Try to find player  by predicate.
2018-04-01 00:53:30.0057 INFO Try to find player  by predicate.
2018-04-01 00:53:30.0188 INFO Try to find player  by predicate.
2018-04-01 00:53:35.7417 INFO The game is being launched
2018-04-01 00:53:35.7417 INFO Start Game in the method Play()
2018-04-01 00:53:39.6493 INFO The game was stopped
2018-04-01 00:53:40.0681 INFO The game is being launched
2018-04-01 00:53:40.0681 INFO Start Game in the method Play()
2018-04-01 00:53:41.9323 INFO Additional plugin was loaded
2018-04-01 00:53:41.9972 INFO Try to update the Player
2018-04-01 00:53:42.1722 INFO Player was updated
2018-04-01 00:53:44.2276 INFO Additional plugin was loaded
2018-04-01 00:53:44.2276 INFO The game is being launched
2018-04-01 00:55:35.8929 INFO One Apple was created 
2018-04-01 00:55:35.9200 INFO One Apple was created 
2018-04-01 00:55:35.9240 INFO One Apple was created 
2018-04-01 00:55:35.9240 INFO One Apple was created 
2018-04-01 00:55:35.9240 INFO One Apple was created 
2018-04-01 00:55:35.9401 INFO All Apples were created
2018-04-01 00:55:35.9401 INFO One Enemey was created 
2018-04-01 00:55:35.9551 INFO All Enemies were created
2018-04-01 00:55:35.9551 INFO One Enemey was created 
2018-04-01 00:55:35.9551 INFO All Enemies were created
2018-04-01 00:55:35.9722 INFO One Enemey was created 
2018-04-01 00:55:35.9722 INFO All Enemies were created
2018-04-01 00:55:35.9722 INFO One Enemey was created 
2018-04-01 00:55:35.9882 INFO All Enemies were created
2018-04-01 00:55:35.9882 INFO One Enemey was created 
2018-04-01 00:55:35.9882 INFO All Enemies were created
2018-04-01 00:56:20.1628 INFO Try to find player  by predicate.
2018-04-01 00:56:22.9829 INFO Try to find player  by predicate.
2018-04-01 00:56:23.0083 INFO Try to find player  by predicate.
2018-04-01 00:56:25.6615 INFO The game is being launched
2018-04-01 00:56:25.6615 INFO Start Game in the method Play()
2018-04-01 00:56:26.9014 INFO The game was stopped
2018-04-01 00:56:27.4357 INFO The game is being launched
2018-04-01 00:56:27.4357 INFO Start Game in the method Play()
2018-04-01 00:56:40.0081 INFO The game is over.The player are looser.
2018-04-01 00:56:40.0411 INFO Try to update the Player
2018-04-01 00:56:40.1991 INFO Player was updated
2018-04-01 00:56:52.1890 INFO One Apple was created 
2018-04-01 00:56:52.1890 INFO One Apple was created 
2018-04-01 00:56:52.1890 INFO One Apple was created 
2018-04-01 00:56:52.2060 INFO One Apple was created 
2018-04-01 00:56:52.2060 INFO One Apple was created 
2018-04-01 00:56:52.2060 INFO All Apples were created
2018-04-01 00:56:52.2201 INFO One Enemey was created 
2018-04-01 00:56:52.2201 INFO All Enemies were created
2018-04-01 00:56:52.2201 INFO One Enemey was created 
2018-04-01 00:56:52.2201 INFO All Enemies were created
2018-04-01 00:56:52.2397 INFO One Enemey was created 
2018-04-01 00:56:52.2397 INFO All Enemies were created
2018-04-01 00:56:52.2397 INFO One Enemey was created 
2018-04-01 00:56:52.2529 INFO All Enemies were created
2018-04-01 00:56:52.2529 INFO One Enemey was created 
2018-04-01 00:56:52.2529 INFO All Enemies were created
2018-04-01 00:56:52.2689 INFO The game is being launched
2018-04-01 00:56:52.2689 INFO Start Game in the method Play()
2018-04-01 01:02:23.5240 INFO One Apple was created 
2018-04-01 01:02:23.5553 INFO One Apple was created 
2018-04-01 01:02:23.5553 INFO One Apple was created 
2018-04-01 01:02:23.5708 INFO One Apple was created 
2018-04-01 01:02:23.5708 INFO One Apple was created 
2018-04-01 01:02:23.5708 INFO All Apples were created
2018-04-01 01:02:23.5865 INFO One Enemey was created 
2018-04-01 01:02:23.5865 INFO All Enemies were created
2018-04-01 01:02:23.6021 INFO One Enemey was created 
2018-04-01 01:02:23.6021 INFO All Enemies were created
2018-04-01 01:02:23.6021 INFO One Enemey was created 
2018-04-01 01:02:23.6021 INFO All Enemies were created
2018-04-01 01:02:23.6177 INFO One Enemey was created 
2018-04-01 01:02:23.6177 INFO All Enemies were created
2018-04-01 01:02:23.6334 INFO One Enemey was created 
2018-04-01 01:02:23.6334 INFO All Enemies were created
2018-04-01 01:02:33.0396 INFO Try to find player  by predicate.
2018-04-01 01:02:36.1179 INFO Try to find player  by predicate.
2018-04-01 01:02:36.1431 INFO Try to find player  by predicate.
2018-04-01 01:02:38.8907 INFO The game is being launched
2018-04-01 01:02:38.8935 INFO Start Game in the method Play()
2018-04-01 01:02:41.3374 INFO The game is over.The player are looser.
2018-04-01 01:02:41.3837 INFO Try to update the Player
2018-04-01 01:02:41.5876 INFO Player was updated
2018-04-01 01:02:42.4553 INFO One Apple was created 
2018-04-01 01:02:42.4553 INFO One Apple was created 
2018-04-01 01:02:42.4553 INFO One Apple was created 
2018-04-01 01:02:42.4709 INFO One Apple was created 
2018-04-01 01:02:42.4709 INFO One Apple was created 
2018-04-01 01:02:42.4709 INFO All Apples were created
2018-04-01 01:02:42.4850 INFO One Enemey was created 
2018-04-01 01:02:42.4850 INFO All Enemies were created
2018-04-01 01:02:42.4850 INFO One Enemey was created 
2018-04-01 01:02:42.5010 INFO All Enemies were created
2018-04-01 01:02:42.5010 INFO One Enemey was created 
2018-04-01 01:02:42.5010 INFO All Enemies were created
2018-04-01 01:02:42.5010 INFO One Enemey was created 
2018-04-01 01:02:42.5200 INFO All Enemies were created
2018-04-01 01:02:42.5200 INFO One Enemey was created 
2018-04-01 01:02:42.5351 INFO All Enemies were created
2018-04-01 01:02:42.5351 INFO The game is being launched
2018-04-01 01:02:42.5646 INFO Start Game in the method Play()
2018-04-01 01:03:54.0155 INFO One Apple was created 
2018-04-01 01:03:54.0405 INFO One Apple was created 
2018-04-01 01:03:54.0405 INFO One Apple was created 
2018-04-01 01:03:54.0505 INFO One Apple was created 
2018-04-01 01:03:54.0505 INFO One Apple was created 
2018-04-01 01:03:54.0505 INFO All Apples were created
2018-04-01 01:03:54.0696 INFO One Enemey was created 
2018-04-01 01:03:54.0696 INFO All Enemies were created
2018-04-01 01:03:54.0696 INFO One Enemey was created 
2018-04-01 01:03:54.0696 INFO All Enemies were created
2018-04-01 01:03:54.0696 INFO One Enemey was created 
2018-04-01 01:03:54.0941 INFO All Enemies were created
2018-04-01 01:03:54.0941 INFO One Enemey was created 
2018-04-01 01:03:54.1097 INFO All Enemies were created
2018-04-01 01:03:54.1097 INFO One Enemey was created 
2018-04-01 01:03:54.1097 INFO All Enemies were created
2018-04-01 01:04:00.5087 INFO Try to find player  by predicate.
2018-04-01 01:04:03.4580 INFO Try to find player  by predicate.
2018-04-01 01:04:03.4831 INFO Try to find player  by predicate.
2018-04-01 01:04:11.7305 INFO The game is being launched
2018-04-01 01:04:11.7365 INFO Start Game in the method Play()
2018-04-01 01:04:14.2094 INFO The game is over.The player are looser.
2018-04-01 01:04:14.2563 INFO Try to update the Player
2018-04-01 01:04:14.4113 INFO Player was updated
2018-04-01 01:04:17.7373 INFO One Apple was created 
2018-04-01 01:04:17.7373 INFO One Apple was created 
2018-04-01 01:04:17.7561 INFO One Apple was created 
2018-04-01 01:04:17.7561 INFO One Apple was created 
2018-04-01 01:04:17.7682 INFO One Apple was created 
2018-04-01 01:04:17.7682 INFO All Apples were created
2018-04-01 01:04:17.7682 INFO One Enemey was created 
2018-04-01 01:04:17.7834 INFO All Enemies were created
2018-04-01 01:04:17.7834 INFO One Enemey was created 
2018-04-01 01:04:17.7834 INFO All Enemies were created
2018-04-01 01:04:17.8024 INFO One Enemey was created 
2018-04-01 01:04:17.8024 INFO All Enemies were created
2018-04-01 01:04:17.8024 INFO One Enemey was created 
2018-04-01 01:04:17.8165 INFO All Enemies were created
2018-04-01 01:04:17.8165 INFO One Enemey was created 
2018-04-01 01:04:17.8326 INFO All Enemies were created
2018-04-01 01:07:33.1281 INFO One Apple was created 
2018-04-01 01:07:33.1903 INFO One Apple was created 
2018-04-01 01:07:33.1903 INFO One Apple was created 
2018-04-01 01:07:33.2086 INFO One Apple was created 
2018-04-01 01:07:33.2086 INFO One Apple was created 
2018-04-01 01:07:33.2268 INFO All Apples were created
2018-04-01 01:07:33.2452 INFO One Enemey was created 
2018-04-01 01:07:33.2574 INFO All Enemies were created
2018-04-01 01:07:33.2708 INFO One Enemey was created 
2018-04-01 01:07:33.2708 INFO All Enemies were created
2018-04-01 01:07:33.2926 INFO One Enemey was created 
2018-04-01 01:07:33.3014 INFO All Enemies were created
2018-04-01 01:07:33.3142 INFO One Enemey was created 
2018-04-01 01:07:33.3142 INFO All Enemies were created
2018-04-01 01:07:33.3346 INFO One Enemey was created 
2018-04-01 01:07:33.3446 INFO All Enemies were created
2018-04-01 01:07:39.9806 INFO Try to find player  by predicate.
2018-04-01 01:07:43.1574 INFO Try to find player  by predicate.
2018-04-01 01:07:43.1574 INFO Try to find player  by predicate.
2018-04-01 01:07:46.0795 INFO The game is being launched
2018-04-01 01:07:46.0795 INFO Start Game in the method Play()
2018-04-01 01:08:43.7339 INFO One Apple was created 
2018-04-01 01:08:43.7571 INFO One Apple was created 
2018-04-01 01:08:43.7571 INFO One Apple was created 
2018-04-01 01:08:43.7571 INFO One Apple was created 
2018-04-01 01:08:43.7727 INFO One Apple was created 
2018-04-01 01:08:43.7727 INFO All Apples were created
2018-04-01 01:08:43.7884 INFO One Enemey was created 
2018-04-01 01:08:43.7884 INFO All Enemies were created
2018-04-01 01:08:43.7884 INFO One Enemey was created 
2018-04-01 01:08:43.8040 INFO All Enemies were created
2018-04-01 01:08:43.8040 INFO One Enemey was created 
2018-04-01 01:08:43.8040 INFO All Enemies were created
2018-04-01 01:08:43.8197 INFO One Enemey was created 
2018-04-01 01:08:43.8197 INFO All Enemies were created
2018-04-01 01:08:43.8353 INFO One Enemey was created 
2018-04-01 01:08:43.8353 INFO All Enemies were created
2018-04-01 01:08:48.4361 INFO Try to find player  by predicate.
2018-04-01 01:08:50.9954 INFO Try to find player  by predicate.
2018-04-01 01:08:51.0084 INFO Try to find player  by predicate.
2018-04-01 01:09:16.5004 INFO One Apple was created 
2018-04-01 01:09:16.5629 INFO One Apple was created 
2018-04-01 01:09:16.5785 INFO One Apple was created 
2018-04-01 01:09:16.5785 INFO One Apple was created 
2018-04-01 01:09:16.5942 INFO One Apple was created 
2018-04-01 01:09:16.5942 INFO All Apples were created
2018-04-01 01:09:16.6254 INFO One Enemey was created 
2018-04-01 01:09:16.6254 INFO All Enemies were created
2018-04-01 01:09:16.6410 INFO One Enemey was created 
2018-04-01 01:09:16.6410 INFO All Enemies were created
2018-04-01 01:09:16.6723 INFO One Enemey was created 
2018-04-01 01:09:16.6723 INFO All Enemies were created
2018-04-01 01:09:16.6879 INFO One Enemey was created 
2018-04-01 01:09:16.7035 INFO All Enemies were created
2018-04-01 01:09:16.7035 INFO One Enemey was created 
2018-04-01 01:09:16.7192 INFO All Enemies were created
2018-04-01 01:09:21.0168 INFO Try to find player  by predicate.
2018-04-01 01:09:23.5474 INFO Try to find player  by predicate.
2018-04-01 01:09:23.5474 INFO Try to find player  by predicate.
2018-04-01 01:09:30.0077 INFO The game is being launched
2018-04-01 01:09:30.0077 INFO Start Game in the method Play()
2018-04-01 01:09:32.4612 INFO The game is over.The player are looser.
2018-04-01 01:09:32.4817 INFO Try to update the Player
2018-04-01 01:09:32.6250 INFO Player was updated
2018-04-01 01:09:33.6390 INFO One Apple was created 
2018-04-01 01:09:33.6437 INFO One Apple was created 
2018-04-01 01:09:33.6437 INFO One Apple was created 
2018-04-01 01:09:33.6437 INFO One Apple was created 
2018-04-01 01:09:33.6587 INFO One Apple was created 
2018-04-01 01:09:33.6587 INFO All Apples were created
2018-04-01 01:09:33.6587 INFO One Enemey was created 
2018-04-01 01:09:33.6728 INFO All Enemies were created
2018-04-01 01:09:33.6728 INFO One Enemey was created 
2018-04-01 01:09:33.6728 INFO All Enemies were created
2018-04-01 01:09:33.6890 INFO One Enemey was created 
2018-04-01 01:09:33.6890 INFO All Enemies were created
2018-04-01 01:09:33.6890 INFO One Enemey was created 
2018-04-01 01:09:33.6890 INFO All Enemies were created
2018-04-01 01:09:33.7133 INFO One Enemey was created 
2018-04-01 01:09:33.7133 INFO All Enemies were created
2018-04-01 01:09:41.0429 INFO The game is being launched
2018-04-01 01:09:41.0499 INFO Start Game in the method Play()
2018-04-01 01:09:45.8845 INFO Additional plugin was loaded
2018-04-01 01:09:45.9305 INFO Try to update the Player
2018-04-01 01:09:45.9467 INFO Player was updated
2018-04-01 01:09:47.6629 INFO Additional plugin was loaded
2018-04-01 01:09:47.6629 INFO The game is being launched
2018-04-01 01:09:51.9167 INFO Try to update the Player
2018-04-01 01:09:51.9639 INFO Player was updated
2018-04-01 01:09:52.6787 INFO Additional plugin was loaded
2018-04-01 01:09:52.6787 INFO The game is being launched
2018-04-01 01:10:01.3374 INFO Try to update the Player
2018-04-01 01:10:01.3747 INFO Player was updated
2018-04-01 01:10:02.2906 INFO Additional plugin was loaded
2018-04-01 01:10:02.2906 INFO The game is being launched
2018-04-01 01:10:03.5503 INFO Try to update the Player
2018-04-01 01:10:03.6004 INFO Player was updated
2018-04-01 01:10:04.5419 INFO Additional plugin was loaded
2018-04-01 01:10:04.5479 INFO The game is being launched
2018-04-01 01:10:05.2165 INFO The game was stopped
2018-04-01 01:10:06.5476 INFO One Apple was created 
2018-04-01 01:10:06.5707 INFO One Apple was created 
2018-04-01 01:10:06.5847 INFO One Apple was created 
2018-04-01 01:10:06.5847 INFO One Apple was created 
2018-04-01 01:10:06.5968 INFO One Apple was created 
2018-04-01 01:10:06.5968 INFO All Apples were created
2018-04-01 01:10:06.5968 INFO One Enemey was created 
2018-04-01 01:10:06.6108 INFO All Enemies were created
2018-04-01 01:10:06.6108 INFO One Enemey was created 
2018-04-01 01:10:06.6108 INFO All Enemies were created
2018-04-01 01:10:06.6259 INFO One Enemey was created 
2018-04-01 01:10:06.6259 INFO All Enemies were created
2018-04-01 01:10:06.6259 INFO One Enemey was created 
2018-04-01 01:10:06.6259 INFO All Enemies were created
2018-04-01 01:10:06.6472 INFO One Enemey was created 
2018-04-01 01:10:06.6472 INFO All Enemies were created
2018-04-01 01:10:07.6310 INFO The game is being launched
2018-04-01 01:10:07.6310 INFO Start Game in the method Play()
2018-04-01 01:10:21.4036 INFO The game is over.The player are looser.
2018-04-01 01:10:21.4398 INFO Try to update the Player
2018-04-01 01:10:21.4589 INFO Player was updated
2018-04-01 01:10:22.3785 INFO One Apple was created 
2018-04-01 01:10:22.3785 INFO One Apple was created 
2018-04-01 01:10:22.3785 INFO One Apple was created 
2018-04-01 01:10:22.3945 INFO One Apple was created 
2018-04-01 01:10:22.3945 INFO One Apple was created 
2018-04-01 01:10:22.3945 INFO All Apples were created
2018-04-01 01:10:22.4085 INFO One Enemey was created 
2018-04-01 01:10:22.4085 INFO All Enemies were created
2018-04-01 01:10:22.4085 INFO One Enemey was created 
2018-04-01 01:10:22.4256 INFO All Enemies were created
2018-04-01 01:10:22.4256 INFO One Enemey was created 
2018-04-01 01:10:22.4256 INFO All Enemies were created
2018-04-01 01:10:22.4417 INFO One Enemey was created 
2018-04-01 01:10:22.4417 INFO All Enemies were created
2018-04-01 01:10:22.4417 INFO One Enemey was created 
2018-04-01 01:10:22.4571 INFO All Enemies were created
2018-04-01 01:10:22.4571 INFO The game is being launched
2018-04-01 01:10:22.4571 INFO Start Game in the method Play()
2018-04-01 01:10:23.2863 INFO The game is over.The player are looser.
2018-04-01 01:10:23.3085 INFO Try to update the Player
2018-04-01 01:10:23.3256 INFO Player was updated
2018-04-01 01:10:24.1256 INFO One Apple was created 
2018-04-01 01:10:24.1256 INFO One Apple was created 
2018-04-01 01:10:24.1256 INFO One Apple was created 
2018-04-01 01:10:24.1416 INFO One Apple was created 
2018-04-01 01:10:24.1416 INFO One Apple was created 
2018-04-01 01:10:24.1416 INFO All Apples were created
2018-04-01 01:10:24.1416 INFO One Enemey was created 
2018-04-01 01:10:24.1617 INFO All Enemies were created
2018-04-01 01:10:24.1617 INFO One Enemey was created 
2018-04-01 01:10:24.1617 INFO All Enemies were created
2018-04-01 01:10:24.1793 INFO One Enemey was created 
2018-04-01 01:10:24.1793 INFO All Enemies were created
2018-04-01 01:10:24.1898 INFO One Enemey was created 
2018-04-01 01:10:24.1898 INFO All Enemies were created
2018-04-01 01:10:24.1898 INFO One Enemey was created 
2018-04-01 01:10:24.2038 INFO All Enemies were created
2018-04-01 01:10:24.2038 INFO The game is being launched
2018-04-01 01:10:24.2038 INFO Start Game in the method Play()
2018-04-01 01:11:37.5479 INFO One Apple was created 
2018-04-01 01:11:37.5792 INFO One Apple was created 
2018-04-01 01:11:37.5792 INFO One Apple was created 
2018-04-01 01:11:37.5792 INFO One Apple was created 
2018-04-01 01:11:37.5948 INFO One Apple was created 
2018-04-01 01:11:37.5948 INFO All Apples were created
2018-04-01 01:11:37.6104 INFO One Enemey was created 
2018-04-01 01:11:37.6260 INFO All Enemies were created
2018-04-01 01:11:37.6260 INFO One Enemey was created 
2018-04-01 01:11:37.6417 INFO All Enemies were created
2018-04-01 01:11:37.6417 INFO One Enemey was created 
2018-04-01 01:11:37.6573 INFO All Enemies were created
2018-04-01 01:11:37.6573 INFO One Enemey was created 
2018-04-01 01:11:37.6729 INFO All Enemies were created
2018-04-01 01:11:37.6729 INFO One Enemey was created 
2018-04-01 01:11:37.6886 INFO All Enemies were created
2018-04-01 01:11:46.2560 INFO Try to find player  by predicate.
2018-04-01 01:11:48.6236 INFO Try to find player  by predicate.
2018-04-01 01:11:48.6378 INFO Try to find player  by predicate.
2018-04-01 01:11:52.4721 INFO The game is being launched
2018-04-01 01:11:52.4721 INFO Start Game in the method Play()
2018-04-01 01:12:17.1446 INFO The game is over.The player are winner.
2018-04-01 01:12:17.1796 INFO Try to update the Player
2018-04-01 01:12:17.3513 INFO Player was updated
2018-04-01 01:12:18.7170 INFO One Apple was created 
2018-04-01 01:12:18.7380 INFO One Apple was created 
2018-04-01 01:12:18.7551 INFO One Apple was created 
2018-04-01 01:12:18.7551 INFO One Apple was created 
2018-04-01 01:12:18.7709 INFO One Apple was created 
2018-04-01 01:12:18.7709 INFO All Apples were created
2018-04-01 01:12:18.7840 INFO One Enemey was created 
2018-04-01 01:12:18.7840 INFO All Enemies were created
2018-04-01 01:12:18.7840 INFO One Enemey was created 
2018-04-01 01:12:18.7993 INFO All Enemies were created
2018-04-01 01:12:18.7993 INFO One Enemey was created 
2018-04-01 01:12:18.7993 INFO All Enemies were created
2018-04-01 01:12:18.8143 INFO One Enemey was created 
2018-04-01 01:12:18.8143 INFO All Enemies were created
2018-04-01 01:12:18.8143 INFO One Enemey was created 
2018-04-01 01:12:18.8304 INFO All Enemies were created
2018-04-01 01:12:18.8304 INFO The game is being launched
2018-04-01 01:12:18.8304 INFO Start Game in the method Play()
2018-04-01 01:12:20.7447 INFO Additional plugin was loaded
2018-04-01 01:12:20.7921 INFO Try to update the Player
2018-04-01 01:12:20.8452 INFO Player was updated
2018-04-01 01:12:23.9688 INFO Additional plugin was loaded
2018-04-01 01:12:23.9808 INFO The game is being launched
2018-04-01 01:12:31.2732 INFO Try to update the Player
2018-04-01 01:12:31.3340 INFO Player was updated
2018-04-01 01:12:33.7177 INFO Additional plugin was loaded
2018-04-01 01:12:33.7247 INFO The game is being launched
2018-04-01 01:12:38.4612 INFO Try to update the Player
2018-04-01 01:12:38.5052 INFO Player was updated
2018-04-01 01:12:41.0666 INFO Additional plugin was loaded
2018-04-01 01:12:41.0666 INFO The game is being launched
2018-04-01 01:12:42.1432 INFO The game was stopped
2018-04-01 01:12:44.0222 INFO Try find all Players by id
2018-04-01 13:40:21.3129 INFO One Apple was created 
2018-04-01 13:40:21.3754 INFO One Apple was created 
2018-04-01 13:40:21.3754 INFO One Apple was created 
2018-04-01 13:40:21.3910 INFO One Apple was created 
2018-04-01 13:40:21.4066 INFO One Apple was created 
2018-04-01 13:40:21.4066 INFO All Apples were created
2018-04-01 13:40:21.4379 INFO One Enemey was created 
2018-04-01 13:40:21.4692 INFO All Enemies were created
2018-04-01 13:40:21.4848 INFO One Enemey was created 
2018-04-01 13:40:21.5004 INFO All Enemies were created
2018-04-01 13:40:21.5160 INFO One Enemey was created 
2018-04-01 13:40:21.5160 INFO All Enemies were created
2018-04-01 13:40:21.5473 INFO One Enemey was created 
2018-04-01 13:40:21.5473 INFO All Enemies were created
2018-04-01 13:40:21.5629 INFO One Enemey was created 
2018-04-01 13:40:21.5785 INFO All Enemies were created
2018-04-01 13:40:28.1975 INFO Try to find player  by predicate.
2018-04-01 13:40:32.1940 INFO Try to find player  by predicate.
2018-04-01 13:40:32.2120 INFO Try to find player  by predicate.
2018-04-01 13:40:36.2589 INFO The game is being launched
2018-04-01 13:40:36.2589 INFO Start Game in the method Play()
2018-04-01 13:40:56.0934 INFO The game is over.The player are looser.
2018-04-01 13:40:56.1716 INFO Try to update the Player
2018-04-01 13:40:56.4594 INFO Player was updated
2018-04-01 13:40:59.7179 INFO One Apple was created 
2018-04-01 13:40:59.7309 INFO One Apple was created 
2018-04-01 13:40:59.7450 INFO One Apple was created 
2018-04-01 13:40:59.7670 INFO One Apple was created 
2018-04-01 13:40:59.7871 INFO One Apple was created 
2018-04-01 13:40:59.8062 INFO All Apples were created
2018-04-01 13:40:59.8302 INFO One Enemey was created 
2018-04-01 13:40:59.8498 INFO All Enemies were created
2018-04-01 13:40:59.8733 INFO One Enemey was created 
2018-04-01 13:40:59.8934 INFO All Enemies were created
2018-04-01 13:40:59.9194 INFO One Enemey was created 
2018-04-01 13:40:59.9415 INFO All Enemies were created
2018-04-01 13:40:59.9615 INFO All Enemies were created
2018-04-01 13:40:59.9846 INFO One Enemey was created 
2018-04-01 13:41:00.0040 INFO All Enemies were created
2018-04-01 13:41:00.0251 INFO One Enemey was created 
2018-04-01 13:41:00.0371 INFO All Enemies were created
2018-04-01 13:41:00.0556 INFO The game is being launched
2018-04-01 13:41:00.0556 INFO Start Game in the method Play()
2018-04-01 13:41:01.2011 INFO The game was stopped
2018-04-01 13:41:02.6171 INFO Additional plugin was loaded
2018-04-01 13:41:03.7731 INFO One Apple was created 
2018-04-01 13:41:03.7931 INFO One Apple was created 
2018-04-01 13:41:03.8122 INFO One Apple was created 
2018-04-01 13:41:03.8313 INFO One Apple was created 
2018-04-01 13:41:03.8313 INFO One Apple was created 
2018-04-01 13:41:03.8544 INFO All Apples were created
2018-04-01 13:41:03.8683 INFO One Enemey was created 
2018-04-01 13:41:03.8794 INFO All Enemies were created
2018-04-01 13:41:03.9065 INFO One Enemey was created 
2018-04-01 13:41:03.9255 INFO All Enemies were created
2018-04-01 13:41:03.9536 INFO One Enemey was created 
2018-04-01 13:41:03.9736 INFO All Enemies were created
2018-04-01 13:41:03.9957 INFO One Enemey was created 
2018-04-01 13:41:04.0138 INFO All Enemies were created
2018-04-01 13:41:04.0438 INFO One Enemey was created 
2018-04-01 13:41:04.0620 INFO All Enemies were created
2018-04-01 13:41:04.7813 INFO Additional plugin was loaded
2018-04-01 13:41:05.4619 INFO One Apple was created 
2018-04-01 13:41:05.4820 INFO One Apple was created 
2018-04-01 13:41:05.5020 INFO One Apple was created 
2018-04-01 13:41:05.5209 INFO One Apple was created 
2018-04-01 13:41:05.5380 INFO One Apple was created 
2018-04-01 13:41:05.5491 INFO All Apples were created
2018-04-01 13:41:05.5641 INFO One Enemey was created 
2018-04-01 13:41:05.5641 INFO All Enemies were created
2018-04-01 13:41:05.5924 INFO One Enemey was created 
2018-04-01 13:41:05.6032 INFO All Enemies were created
2018-04-01 13:41:05.6172 INFO One Enemey was created 
2018-04-01 13:41:05.6282 INFO All Enemies were created
2018-04-01 13:41:05.6456 INFO One Enemey was created 
2018-04-01 13:41:05.6573 INFO All Enemies were created
2018-04-01 13:41:05.6573 INFO One Enemey was created 
2018-04-01 13:41:05.6813 INFO All Enemies were created
2018-04-01 13:41:06.4658 INFO Additional plugin was loaded
2018-04-01 13:41:07.4873 INFO One Apple was created 
2018-04-01 13:41:07.5083 INFO One Apple was created 
2018-04-01 13:41:07.5280 INFO One Apple was created 
2018-04-01 13:41:07.5460 INFO One Apple was created 
2018-04-01 13:41:07.5591 INFO One Apple was created 
2018-04-01 13:41:07.5701 INFO All Apples were created
2018-04-01 13:41:07.5842 INFO One Enemey was created 
2018-04-01 13:41:07.5951 INFO All Enemies were created
2018-04-01 13:41:07.5951 INFO One Enemey was created 
2018-04-01 13:41:07.6202 INFO All Enemies were created
2018-04-01 13:41:07.6343 INFO One Enemey was created 
2018-04-01 13:41:07.6453 INFO All Enemies were created
2018-04-01 13:41:07.6595 INFO One Enemey was created 
2018-04-01 13:41:07.6595 INFO All Enemies were created
2018-04-01 13:41:07.6884 INFO One Enemey was created 
2018-04-01 13:41:07.6884 INFO All Enemies were created
2018-04-01 13:41:08.3772 INFO Additional plugin was loaded
2018-04-01 13:41:09.1268 INFO One Apple was created 
2018-04-01 13:41:09.1499 INFO One Apple was created 
2018-04-01 13:41:09.1679 INFO One Apple was created 
2018-04-01 13:41:09.1790 INFO One Apple was created 
2018-04-01 13:41:09.1900 INFO One Apple was created 
2018-04-01 13:41:09.2061 INFO All Apples were created
2018-04-01 13:41:09.2371 INFO One Enemey was created 
2018-04-01 13:41:09.2552 INFO All Enemies were created
2018-04-01 13:41:09.2783 INFO One Enemey was created 
2018-04-01 13:41:09.2963 INFO All Enemies were created
2018-04-01 13:41:09.3205 INFO One Enemey was created 
2018-04-01 13:41:09.3310 INFO All Enemies were created
2018-04-01 13:41:09.3461 INFO One Enemey was created 
2018-04-01 13:41:09.3601 INFO All Enemies were created
2018-04-01 13:41:09.3601 INFO One Enemey was created 
2018-04-01 13:41:09.3862 INFO All Enemies were created
2018-04-01 13:41:10.0635 INFO Additional plugin was loaded
2018-04-01 13:41:11.1101 INFO One Apple was created 
2018-04-01 13:41:11.1302 INFO One Apple was created 
2018-04-01 13:41:11.1472 INFO One Apple was created 
2018-04-01 13:41:11.1592 INFO One Apple was created 
2018-04-01 13:41:11.1743 INFO One Apple was created 
2018-04-01 13:41:11.1743 INFO All Apples were created
2018-04-01 13:41:11.1973 INFO One Enemey was created 
2018-04-01 13:41:11.2064 INFO All Enemies were created
2018-04-01 13:41:11.2202 INFO One Enemey was created 
2018-04-01 13:41:11.2202 INFO All Enemies were created
2018-04-01 13:41:11.2435 INFO One Enemey was created 
2018-04-01 13:41:11.2535 INFO All Enemies were created
2018-04-01 13:41:11.2666 INFO One Enemey was created 
2018-04-01 13:41:11.2666 INFO All Enemies were created
2018-04-01 13:41:11.2886 INFO One Enemey was created 
2018-04-01 13:41:11.2976 INFO All Enemies were created
2018-04-01 13:41:12.1308 INFO Additional plugin was loaded
2018-04-01 13:41:13.1065 INFO One Apple was created 
2018-04-01 13:41:13.1185 INFO One Apple was created 
2018-04-01 13:41:13.1306 INFO One Apple was created 
2018-04-01 13:41:13.1416 INFO One Apple was created 
2018-04-01 13:41:13.1416 INFO One Apple was created 
2018-04-01 13:41:13.1740 INFO All Apples were created
2018-04-01 13:41:13.1961 INFO One Enemey was created 
2018-04-01 13:41:13.2071 INFO All Enemies were created
2018-04-01 13:41:13.2241 INFO One Enemey was created 
2018-04-01 13:41:13.2362 INFO All Enemies were created
2018-04-01 13:41:13.2362 INFO One Enemey was created 
2018-04-01 13:41:13.2572 INFO All Enemies were created
2018-04-01 13:41:13.2705 INFO One Enemey was created 
2018-04-01 13:41:13.2705 INFO All Enemies were created
2018-04-01 13:41:13.2923 INFO One Enemey was created 
2018-04-01 13:41:13.3013 INFO All Enemies were created
2018-04-01 13:41:14.0091 INFO Additional plugin was loaded
2018-04-01 13:41:14.7961 INFO One Apple was created 
2018-04-01 13:41:14.8171 INFO One Apple was created 
2018-04-01 13:41:14.8371 INFO One Apple was created 
2018-04-01 13:41:14.8602 INFO One Apple was created 
2018-04-01 13:41:14.8804 INFO One Apple was created 
2018-04-01 13:41:14.8994 INFO All Apples were created
2018-04-01 13:41:14.9224 INFO One Enemey was created 
2018-04-01 13:41:14.9416 INFO All Enemies were created
2018-04-01 13:41:14.9627 INFO One Enemey was created 
2018-04-01 13:41:14.9817 INFO All Enemies were created
2018-04-01 13:41:15.0018 INFO All Enemies were created
2018-04-01 13:41:15.0228 INFO One Enemey was created 
2018-04-01 13:41:15.0348 INFO All Enemies were created
2018-04-01 13:41:15.0529 INFO One Enemey was created 
2018-04-01 13:41:15.0639 INFO All Enemies were created
2018-04-01 13:41:15.0639 INFO One Enemey was created 
2018-04-01 13:41:15.0880 INFO All Enemies were created
2018-04-01 13:41:15.7444 INFO Additional plugin was loaded
2018-04-01 13:41:16.5895 INFO One Apple was created 
2018-04-01 13:41:16.6005 INFO One Apple was created 
2018-04-01 13:41:16.6186 INFO One Apple was created 
2018-04-01 13:41:16.6366 INFO One Apple was created 
2018-04-01 13:41:16.6486 INFO One Apple was created 
2018-04-01 13:41:16.6597 INFO All Apples were created
2018-04-01 13:41:16.6758 INFO One Enemey was created 
2018-04-01 13:41:16.6758 INFO All Enemies were created
2018-04-01 13:41:16.7020 INFO One Enemey was created 
2018-04-01 13:41:16.7118 INFO All Enemies were created
2018-04-01 13:41:16.7259 INFO One Enemey was created 
2018-04-01 13:41:16.7359 INFO All Enemies were created
2018-04-01 13:41:16.7522 INFO One Enemey was created 
2018-04-01 13:41:16.7522 INFO All Enemies were created
2018-04-01 13:41:16.7750 INFO One Enemey was created 
2018-04-01 13:41:16.7860 INFO All Enemies were created
2018-04-01 13:41:17.5060 INFO Additional plugin was loaded
2018-04-01 13:41:18.2790 INFO One Apple was created 
2018-04-01 13:41:18.2960 INFO One Apple was created 
2018-04-01 13:41:18.3191 INFO One Apple was created 
2018-04-01 13:41:18.3332 INFO One Apple was created 
2018-04-01 13:41:18.3452 INFO One Apple was created 
2018-04-01 13:41:18.3452 INFO All Apples were created
2018-04-01 13:41:18.3712 INFO One Enemey was created 
2018-04-01 13:41:18.3913 INFO All Enemies were created
2018-04-01 13:41:18.4123 INFO One Enemey was created 
2018-04-01 13:41:18.4244 INFO All Enemies were created
2018-04-01 13:41:18.4414 INFO One Enemey was created 
2018-04-01 13:41:18.4414 INFO All Enemies were created
2018-04-01 13:41:18.4685 INFO One Enemey was created 
2018-04-01 13:41:18.4805 INFO All Enemies were created
2018-04-01 13:41:18.4951 INFO One Enemey was created 
2018-04-01 13:41:18.5051 INFO All Enemies were created
2018-04-01 13:41:19.2547 INFO Additional plugin was loaded
2018-04-01 13:41:20.0747 INFO One Apple was created 
2018-04-01 13:41:20.0908 INFO One Apple was created 
2018-04-01 13:41:20.1038 INFO One Apple was created 
2018-04-01 13:41:20.1209 INFO One Apple was created 
2018-04-01 13:41:20.1419 INFO One Apple was created 
2018-04-01 13:41:20.1610 INFO All Apples were created
2018-04-01 13:41:20.1800 INFO One Enemey was created 
2018-04-01 13:41:20.1920 INFO All Enemies were created
2018-04-01 13:41:20.2061 INFO One Enemey was created 
2018-04-01 13:41:20.2061 INFO All Enemies were created
2018-04-01 13:41:20.2322 INFO One Enemey was created 
2018-04-01 13:41:20.2442 INFO All Enemies were created
2018-04-01 13:41:20.2612 INFO One Enemey was created 
2018-04-01 13:41:20.2732 INFO All Enemies were created
2018-04-01 13:41:20.2923 INFO One Enemey was created 
2018-04-01 13:41:20.3044 INFO All Enemies were created
2018-04-01 13:41:21.0954 INFO Additional plugin was loaded
2018-04-01 13:41:21.8741 INFO One Apple was created 
2018-04-01 13:41:21.8952 INFO One Apple was created 
2018-04-01 13:41:21.9152 INFO One Apple was created 
2018-04-01 13:41:21.9272 INFO One Apple was created 
2018-04-01 13:41:21.9413 INFO One Apple was created 
2018-04-01 13:41:21.9413 INFO All Apples were created
2018-04-01 13:41:21.9696 INFO One Enemey was created 
2018-04-01 13:41:21.9696 INFO All Enemies were created
2018-04-01 13:41:21.9964 INFO One Enemey was created 
2018-04-01 13:41:22.0125 INFO All Enemies were created
2018-04-01 13:41:22.0325 INFO All Enemies were created
2018-04-01 13:41:22.0325 INFO One Enemey was created 
2018-04-01 13:41:22.0586 INFO All Enemies were created
2018-04-01 13:41:22.0797 INFO One Enemey was created 
2018-04-01 13:41:22.0987 INFO All Enemies were created
2018-04-01 13:41:22.1238 INFO One Enemey was created 
2018-04-01 13:41:22.1448 INFO All Enemies were created
2018-04-01 13:41:22.7985 INFO Additional plugin was loaded
2018-04-01 13:41:23.5894 INFO One Apple was created 
2018-04-01 13:41:23.6126 INFO One Apple was created 
2018-04-01 13:41:23.6345 INFO One Apple was created 
2018-04-01 13:41:23.6546 INFO One Apple was created 
2018-04-01 13:41:23.6756 INFO One Apple was created 
2018-04-01 13:41:23.6947 INFO All Apples were created
2018-04-01 13:41:23.7167 INFO One Enemey was created 
2018-04-01 13:41:23.7278 INFO All Enemies were created
2018-04-01 13:41:23.7428 INFO One Enemey was created 
2018-04-01 13:41:23.7538 INFO All Enemies were created
2018-04-01 13:41:23.7689 INFO One Enemey was created 
2018-04-01 13:41:23.7860 INFO All Enemies were created
2018-04-01 13:41:23.8130 INFO One Enemey was created 
2018-04-01 13:41:23.8260 INFO All Enemies were created
2018-04-01 13:41:23.8411 INFO One Enemey was created 
2018-04-01 13:41:23.8541 INFO All Enemies were created
2018-04-01 13:41:24.5370 INFO Additional plugin was loaded
2018-04-01 13:41:25.3555 INFO One Apple was created 
2018-04-01 13:41:25.3675 INFO One Apple was created 
2018-04-01 13:41:25.3786 INFO One Apple was created 
2018-04-01 13:41:25.3786 INFO One Apple was created 
2018-04-01 13:41:25.4006 INFO One Apple was created 
2018-04-01 13:41:25.4107 INFO All Apples were created
2018-04-01 13:41:25.4237 INFO One Enemey was created 
2018-04-01 13:41:25.4428 INFO All Enemies were created
2018-04-01 13:41:25.4669 INFO One Enemey was created 
2018-04-01 13:41:25.4889 INFO All Enemies were created
2018-04-01 13:41:25.5139 INFO One Enemey was created 
2018-04-01 13:41:25.5340 INFO All Enemies were created
2018-04-01 13:41:25.5550 INFO One Enemey was created 
2018-04-01 13:41:25.5731 INFO All Enemies were created
2018-04-01 13:41:25.5912 INFO One Enemey was created 
2018-04-01 13:41:25.6032 INFO All Enemies were created
2018-04-01 13:41:26.4909 INFO Additional plugin was loaded
2018-04-01 13:41:27.2643 INFO One Apple was created 
2018-04-01 13:41:27.2853 INFO One Apple was created 
2018-04-01 13:41:27.3054 INFO One Apple was created 
2018-04-01 13:41:27.3265 INFO One Apple was created 
2018-04-01 13:41:27.3455 INFO One Apple was created 
2018-04-01 13:41:27.3455 INFO All Apples were created
2018-04-01 13:41:27.3726 INFO One Enemey was created 
2018-04-01 13:41:27.3856 INFO All Enemies were created
2018-04-01 13:41:27.4006 INFO One Enemey was created 
2018-04-01 13:41:27.4136 INFO All Enemies were created
2018-04-01 13:41:27.4277 INFO One Enemey was created 
2018-04-01 13:41:27.4448 INFO All Enemies were created
2018-04-01 13:41:27.4698 INFO One Enemey was created 
2018-04-01 13:41:27.4698 INFO All Enemies were created
2018-04-01 13:41:27.4969 INFO One Enemey was created 
2018-04-01 13:41:27.5089 INFO All Enemies were created
2018-04-01 13:41:28.2588 INFO Additional plugin was loaded
2018-04-01 13:41:29.0555 INFO One Apple was created 
2018-04-01 13:41:29.0766 INFO One Apple was created 
2018-04-01 13:41:29.0977 INFO One Apple was created 
2018-04-01 13:41:29.1210 INFO One Apple was created 
2018-04-01 13:41:29.1330 INFO One Apple was created 
2018-04-01 13:41:29.1451 INFO All Apples were created
2018-04-01 13:41:29.1576 INFO One Enemey was created 
2018-04-01 13:41:29.1576 INFO All Enemies were created
2018-04-01 13:41:29.1797 INFO One Enemey was created 
2018-04-01 13:41:29.1907 INFO All Enemies were created
2018-04-01 13:41:29.1907 INFO One Enemey was created 
2018-04-01 13:41:29.2128 INFO All Enemies were created
2018-04-01 13:41:29.2298 INFO One Enemey was created 
2018-04-01 13:41:29.2398 INFO All Enemies were created
2018-04-01 13:41:29.2538 INFO One Enemey was created 
2018-04-01 13:41:29.2538 INFO All Enemies were created
2018-04-01 13:41:29.9614 INFO Additional plugin was loaded
2018-04-01 13:41:30.7122 INFO One Apple was created 
2018-04-01 13:41:30.7453 INFO One Apple was created 
2018-04-01 13:41:30.7714 INFO One Apple was created 
2018-04-01 13:41:30.7944 INFO One Apple was created 
2018-04-01 13:41:30.8225 INFO One Apple was created 
2018-04-01 13:41:30.8425 INFO All Apples were created
2018-04-01 13:41:30.8756 INFO One Enemey was created 
2018-04-01 13:41:30.9077 INFO All Enemies were created
2018-04-01 13:41:30.9358 INFO One Enemey was created 
2018-04-01 13:41:30.9569 INFO All Enemies were created
2018-04-01 13:41:30.9749 INFO One Enemey was created 
2018-04-01 13:41:30.9889 INFO All Enemies were created
2018-04-01 13:41:31.0060 INFO One Enemey was created 
2018-04-01 13:41:31.0180 INFO All Enemies were created
2018-04-01 13:41:31.0180 INFO One Enemey was created 
2018-04-01 13:41:31.0360 INFO All Enemies were created
2018-04-01 13:41:31.5765 INFO Additional plugin was loaded
2018-04-01 13:41:32.3186 INFO One Apple was created 
2018-04-01 13:41:32.3437 INFO One Apple was created 
2018-04-01 13:41:32.3748 INFO One Apple was created 
2018-04-01 13:41:32.3988 INFO One Apple was created 
2018-04-01 13:41:32.4269 INFO One Apple was created 
2018-04-01 13:41:32.4500 INFO All Apples were created
2018-04-01 13:41:32.4660 INFO One Enemey was created 
2018-04-01 13:41:32.4830 INFO All Enemies were created
2018-04-01 13:41:32.4981 INFO One Enemey was created 
2018-04-01 13:41:32.5101 INFO All Enemies were created
2018-04-01 13:41:32.5252 INFO One Enemey was created 
2018-04-01 13:41:32.5382 INFO All Enemies were created
2018-04-01 13:41:32.5532 INFO One Enemey was created 
2018-04-01 13:41:32.5683 INFO All Enemies were created
2018-04-01 13:41:32.5903 INFO One Enemey was created 
2018-04-01 13:41:32.6024 INFO All Enemies were created
2018-04-01 13:41:33.2451 INFO Additional plugin was loaded
2018-04-01 13:41:33.9258 INFO One Apple was created 
2018-04-01 13:41:33.9459 INFO One Apple was created 
2018-04-01 13:41:33.9669 INFO One Apple was created 
2018-04-01 13:41:33.9870 INFO One Apple was created 
2018-04-01 13:41:34.0081 INFO One Apple was created 
2018-04-01 13:41:34.0332 INFO All Apples were created
2018-04-01 13:41:34.0532 INFO One Enemey was created 
2018-04-01 13:41:34.0712 INFO All Enemies were created
2018-04-01 13:41:34.0886 INFO One Enemey was created 
2018-04-01 13:41:34.1013 INFO All Enemies were created
2018-04-01 13:41:34.1154 INFO One Enemey was created 
2018-04-01 13:41:34.1154 INFO All Enemies were created
2018-04-01 13:41:34.1354 INFO All Enemies were created
2018-04-01 13:41:34.1484 INFO One Enemey was created 
2018-04-01 13:41:34.1615 INFO All Enemies were created
2018-04-01 13:41:34.1847 INFO One Enemey was created 
2018-04-01 13:41:34.1966 INFO All Enemies were created
2018-04-01 13:41:34.7821 INFO Additional plugin was loaded
2018-04-01 13:41:35.4294 INFO One Apple was created 
2018-04-01 13:41:35.4435 INFO One Apple was created 
2018-04-01 13:41:35.4575 INFO One Apple was created 
2018-04-01 13:41:35.4725 INFO One Apple was created 
2018-04-01 13:41:35.4866 INFO One Apple was created 
2018-04-01 13:41:35.4866 INFO All Apples were created
2018-04-01 13:41:35.5167 INFO One Enemey was created 
2018-04-01 13:41:35.5167 INFO All Enemies were created
2018-04-01 13:41:35.5417 INFO One Enemey was created 
2018-04-01 13:41:35.5568 INFO All Enemies were created
2018-04-01 13:41:35.5758 INFO One Enemey was created 
2018-04-01 13:41:35.5870 INFO All Enemies were created
2018-04-01 13:41:35.6000 INFO One Enemey was created 
2018-04-01 13:41:35.6100 INFO All Enemies were created
2018-04-01 13:41:35.6100 INFO One Enemey was created 
2018-04-01 13:41:35.6341 INFO All Enemies were created
2018-04-01 13:41:36.3041 INFO Additional plugin was loaded
2018-04-01 13:41:36.9087 INFO One Apple was created 
2018-04-01 13:41:36.9087 INFO One Apple was created 
2018-04-01 13:41:36.9315 INFO One Apple was created 
2018-04-01 13:41:36.9425 INFO One Apple was created 
2018-04-01 13:41:36.9546 INFO One Apple was created 
2018-04-01 13:41:36.9546 INFO All Apples were created
2018-04-01 13:41:36.9776 INFO One Enemey was created 
2018-04-01 13:41:36.9886 INFO All Enemies were created
2018-04-01 13:41:37.0017 INFO One Enemey was created 
2018-04-01 13:41:37.0017 INFO All Enemies were created
2018-04-01 13:41:37.0298 INFO One Enemey was created 
2018-04-01 13:41:37.0418 INFO All Enemies were created
2018-04-01 13:41:37.0629 INFO One Enemey was created 
2018-04-01 13:41:37.0759 INFO All Enemies were created
2018-04-01 13:41:37.0889 INFO One Enemey was created 
2018-04-01 13:41:37.1009 INFO All Enemies were created
2018-04-01 13:41:37.6277 INFO Additional plugin was loaded
2018-04-01 13:41:38.2377 INFO One Apple was created 
2018-04-01 13:41:38.2558 INFO One Apple was created 
2018-04-01 13:41:38.2768 INFO One Apple was created 
2018-04-01 13:41:38.2989 INFO One Apple was created 
2018-04-01 13:41:38.3179 INFO One Apple was created 
2018-04-01 13:41:38.3393 INFO All Apples were created
2018-04-01 13:41:38.3660 INFO One Enemey was created 
2018-04-01 13:41:38.3851 INFO All Enemies were created
2018-04-01 13:41:38.4072 INFO One Enemey was created 
2018-04-01 13:41:38.4252 INFO All Enemies were created
2018-04-01 13:41:38.4513 INFO One Enemey was created 
2018-04-01 13:41:38.4684 INFO All Enemies were created
2018-04-01 13:41:38.4904 INFO One Enemey was created 
2018-04-01 13:41:38.5075 INFO All Enemies were created
2018-04-01 13:41:38.5315 INFO One Enemey was created 
2018-04-01 13:41:38.5515 INFO All Enemies were created
2018-04-01 13:41:38.9013 INFO Additional plugin was loaded
2018-04-01 13:41:39.5504 INFO One Apple was created 
2018-04-01 13:41:39.5504 INFO One Apple was created 
2018-04-01 13:41:39.5504 INFO One Apple was created 
2018-04-01 13:41:39.5695 INFO One Apple was created 
2018-04-01 13:41:39.5695 INFO One Apple was created 
2018-04-01 13:41:39.5815 INFO All Apples were created
2018-04-01 13:41:39.5815 INFO One Enemey was created 
2018-04-01 13:41:39.5976 INFO All Enemies were created
2018-04-01 13:41:39.6146 INFO One Enemey was created 
2018-04-01 13:41:39.6276 INFO All Enemies were created
2018-04-01 13:41:39.6276 INFO One Enemey was created 
2018-04-01 13:41:39.6457 INFO All Enemies were created
2018-04-01 13:41:39.6457 INFO One Enemey was created 
2018-04-01 13:41:39.6637 INFO All Enemies were created
2018-04-01 13:41:39.6758 INFO One Enemey was created 
2018-04-01 13:41:39.6758 INFO All Enemies were created
2018-04-01 13:41:40.3175 INFO Additional plugin was loaded
2018-04-01 13:41:40.9161 INFO One Apple was created 
2018-04-01 13:41:40.9281 INFO One Apple was created 
2018-04-01 13:41:40.9412 INFO One Apple was created 
2018-04-01 13:41:40.9412 INFO One Apple was created 
2018-04-01 13:41:40.9662 INFO One Apple was created 
2018-04-01 13:41:40.9792 INFO All Apples were created
2018-04-01 13:41:40.9953 INFO One Enemey was created 
2018-04-01 13:41:41.0073 INFO All Enemies were created
2018-04-01 13:41:41.0213 INFO One Enemey was created 
2018-04-01 13:41:41.0334 INFO All Enemies were created
2018-04-01 13:41:41.0334 INFO All Enemies were created
2018-04-01 13:41:41.0604 INFO One Enemey was created 
2018-04-01 13:41:41.0725 INFO All Enemies were created
2018-04-01 13:41:41.0875 INFO One Enemey was created 
2018-04-01 13:41:41.1026 INFO All Enemies were created
2018-04-01 13:41:41.1186 INFO One Enemey was created 
2018-04-01 13:41:41.1306 INFO All Enemies were created
2018-04-01 13:41:42.6447 INFO Additional plugin was loaded
2018-04-01 13:41:43.2334 INFO One Apple was created 
2018-04-01 13:41:43.2525 INFO One Apple was created 
2018-04-01 13:41:43.2722 INFO One Apple was created 
2018-04-01 13:41:43.2913 INFO One Apple was created 
2018-04-01 13:41:43.3070 INFO One Apple was created 
2018-04-01 13:41:43.3190 INFO All Apples were created
2018-04-01 13:41:43.3321 INFO One Enemey was created 
2018-04-01 13:41:43.3321 INFO All Enemies were created
2018-04-01 13:41:43.3602 INFO One Enemey was created 
2018-04-01 13:41:43.3602 INFO All Enemies were created
2018-04-01 13:41:43.3892 INFO One Enemey was created 
2018-04-01 13:41:43.4003 INFO All Enemies were created
2018-04-01 13:41:43.4153 INFO One Enemey was created 
2018-04-01 13:41:43.4283 INFO All Enemies were created
2018-04-01 13:41:43.4504 INFO One Enemey was created 
2018-04-01 13:41:43.4684 INFO All Enemies were created
2018-04-01 13:41:43.9838 INFO Additional plugin was loaded
2018-04-01 13:41:44.5425 INFO One Apple was created 
2018-04-01 13:41:44.5636 INFO One Apple was created 
2018-04-01 13:41:44.5836 INFO One Apple was created 
2018-04-01 13:41:44.5997 INFO One Apple was created 
2018-04-01 13:41:44.6137 INFO One Apple was created 
2018-04-01 13:41:44.6267 INFO All Apples were created
2018-04-01 13:41:44.6267 INFO One Enemey was created 
2018-04-01 13:41:44.6518 INFO All Enemies were created
2018-04-01 13:41:44.6648 INFO One Enemey was created 
2018-04-01 13:41:44.6759 INFO All Enemies were created
2018-04-01 13:41:44.6960 INFO One Enemey was created 
2018-04-01 13:41:44.7151 INFO All Enemies were created
2018-04-01 13:41:44.7391 INFO One Enemey was created 
2018-04-01 13:41:44.7581 INFO All Enemies were created
2018-04-01 13:41:44.7792 INFO One Enemey was created 
2018-04-01 13:41:44.7973 INFO All Enemies were created
2018-04-01 13:41:45.2493 INFO Additional plugin was loaded
2018-04-01 13:41:45.8518 INFO One Apple was created 
2018-04-01 13:41:45.8750 INFO One Apple was created 
2018-04-01 13:41:45.9020 INFO One Apple was created 
2018-04-01 13:41:45.9200 INFO One Apple was created 
2018-04-01 13:41:45.9341 INFO One Apple was created 
2018-04-01 13:41:45.9471 INFO All Apples were created
2018-04-01 13:41:45.9661 INFO One Enemey was created 
2018-04-01 13:41:45.9792 INFO All Enemies were created
2018-04-01 13:41:45.9943 INFO One Enemey was created 
2018-04-01 13:41:46.0083 INFO All Enemies were created
2018-04-01 13:41:46.0353 INFO One Enemey was created 
2018-04-01 13:41:46.0572 INFO All Enemies were created
2018-04-01 13:41:46.0913 INFO One Enemey was created 
2018-04-01 13:41:46.1124 INFO All Enemies were created
2018-04-01 13:41:46.1395 INFO One Enemey was created 
2018-04-01 13:41:46.1596 INFO All Enemies were created
2018-04-01 13:41:46.5286 INFO Additional plugin was loaded
2018-04-01 13:41:47.1168 INFO One Apple was created 
2018-04-01 13:41:47.1398 INFO One Apple was created 
2018-04-01 13:41:47.1609 INFO One Apple was created 
2018-04-01 13:41:47.1789 INFO One Apple was created 
2018-04-01 13:41:47.1919 INFO One Apple was created 
2018-04-01 13:41:47.2050 INFO All Apples were created
2018-04-01 13:41:47.2220 INFO One Enemey was created 
2018-04-01 13:41:47.2361 INFO All Enemies were created
2018-04-01 13:41:47.2582 INFO One Enemey was created 
2018-04-01 13:41:47.2762 INFO All Enemies were created
2018-04-01 13:41:47.3063 INFO One Enemey was created 
2018-04-01 13:41:47.3193 INFO All Enemies were created
2018-04-01 13:41:47.3363 INFO One Enemey was created 
2018-04-01 13:41:47.3494 INFO All Enemies were created
2018-04-01 13:41:47.3634 INFO One Enemey was created 
2018-04-01 13:41:47.3634 INFO All Enemies were created
2018-04-01 13:41:53.6637 INFO Try find all Players by id
2018-04-01 13:42:16.5586 INFO The game is being launched
2018-04-01 13:42:16.5636 INFO Start Game in the method Play()
2018-04-01 13:42:17.4314 INFO The game was stopped
2018-04-01 13:42:18.7081 INFO Additional plugin was loaded
2018-04-01 13:42:19.9243 INFO The game is being launched
2018-04-01 13:42:24.7134 INFO Try to update the Player
2018-04-01 13:42:24.7876 INFO Player was updated
2018-04-01 13:42:27.8623 INFO Additional plugin was loaded
2018-04-01 13:42:27.8783 INFO The game is being launched
2018-04-01 13:42:34.7845 INFO Try to update the Player
2018-04-01 13:42:34.8488 INFO Player was updated
