2018-04-03 00:19:54.7371 INFO One Apple was created 
2018-04-03 00:19:54.7763 INFO One Apple was created 
2018-04-03 00:19:54.7832 INFO One Apple was created 
2018-04-03 00:19:54.7832 INFO One Apple was created 
2018-04-03 00:19:54.7832 INFO One Apple was created 
2018-04-03 00:19:54.8003 INFO All Apples were created
2018-04-03 00:19:54.8003 INFO One Enemey was created 
2018-04-03 00:19:54.8183 INFO All Enemies were created
2018-04-03 00:19:54.8183 INFO One Enemey was created 
2018-04-03 00:19:54.8324 INFO All Enemies were created
2018-04-03 00:19:54.8324 INFO One Enemey was created 
2018-04-03 00:19:54.8464 INFO All Enemies were created
2018-04-03 00:19:54.8464 INFO One Enemey was created 
2018-04-03 00:19:54.8464 INFO All Enemies were created
2018-04-03 00:19:54.8664 INFO One Enemey was created 
2018-04-03 00:19:54.8664 INFO All Enemies were created
2018-04-03 00:19:54.8775 INFO Try find the Player by id
2018-04-03 00:20:06.5632 INFO Try to find player  by predicate.
2018-04-03 00:20:06.6164 INFO Try to find player  by predicate.
2018-04-03 00:20:06.6454 INFO Try to find player  by predicate.
2018-04-03 00:20:20.5504 INFO One Apple was created 
2018-04-03 00:20:20.5825 INFO One Apple was created 
2018-04-03 00:20:20.5825 INFO One Apple was created 
2018-04-03 00:20:20.5825 INFO One Apple was created 
2018-04-03 00:20:20.5996 INFO One Apple was created 
2018-04-03 00:20:20.5996 INFO All Apples were created
2018-04-03 00:20:20.6126 INFO One Enemey was created 
2018-04-03 00:20:20.6126 INFO All Enemies were created
2018-04-03 00:20:20.6126 INFO One Enemey was created 
2018-04-03 00:20:20.6266 INFO All Enemies were created
2018-04-03 00:20:20.6266 INFO One Enemey was created 
2018-04-03 00:20:20.6266 INFO All Enemies were created
2018-04-03 00:20:20.6437 INFO One Enemey was created 
2018-04-03 00:20:20.6437 INFO All Enemies were created
2018-04-03 00:20:20.6437 INFO One Enemey was created 
2018-04-03 00:20:20.6587 INFO All Enemies were created
2018-04-03 00:20:20.6587 INFO Try find the Player by id
2018-04-03 00:20:29.0134 INFO Try to find player  by predicate.
2018-04-03 00:20:29.0837 INFO Try to find player  by predicate.
2018-04-03 00:20:29.0996 INFO Try to find player  by predicate.
