2018-04-02 20:06:31.8947 INFO One Apple was created 
2018-04-02 20:06:31.9428 INFO One Apple was created 
2018-04-02 20:06:31.9428 INFO One Apple was created 
2018-04-02 20:06:31.9568 INFO One Apple was created 
2018-04-02 20:06:31.9568 INFO One Apple was created 
2018-04-02 20:06:31.9568 INFO All Apples were created
2018-04-02 20:06:31.9839 INFO One Enemey was created 
2018-04-02 20:06:31.9919 INFO All Enemies were created
2018-04-02 20:06:32.0030 INFO One Enemey was created 
2018-04-02 20:06:32.0030 INFO All Enemies were created
2018-04-02 20:06:32.0180 INFO One Enemey was created 
2018-04-02 20:06:32.0180 INFO All Enemies were created
2018-04-02 20:06:32.0321 INFO One Enemey was created 
2018-04-02 20:06:32.0321 INFO All Enemies were created
2018-04-02 20:06:32.0321 INFO One Enemey was created 
2018-04-02 20:06:32.0531 INFO All Enemies were created
2018-04-02 20:06:41.5714 INFO Try to find player  by predicate.
2018-04-02 20:06:45.4629 INFO Try to find player  by predicate.
2018-04-02 20:06:45.4750 INFO Try to find player  by predicate.
2018-04-02 20:06:49.3294 INFO The game is being launched
2018-04-02 20:06:49.3294 INFO Start Game in the method Play()
2018-04-02 20:07:06.1184 INFO The game is over.The player are winner.
2018-04-02 20:07:06.1848 INFO Try to update the Player
2018-04-02 20:07:06.3481 INFO Player was updated
2018-04-02 20:07:11.9789 INFO One Apple was created 
2018-04-02 20:07:12.0080 INFO One Apple was created 
2018-04-02 20:07:12.0080 INFO One Apple was created 
2018-04-02 20:07:12.0200 INFO One Apple was created 
2018-04-02 20:07:12.0200 INFO One Apple was created 
2018-04-02 20:07:12.0321 INFO All Apples were created
2018-04-02 20:07:12.0321 INFO One Enemey was created 
2018-04-02 20:07:12.0321 INFO All Enemies were created
2018-04-02 20:07:12.0511 INFO One Enemey was created 
2018-04-02 20:07:12.0511 INFO All Enemies were created
2018-04-02 20:07:12.0511 INFO One Enemey was created 
2018-04-02 20:07:12.0677 INFO All Enemies were created
2018-04-02 20:07:12.0677 INFO One Enemey was created 
2018-04-02 20:07:12.0862 INFO All Enemies were created
2018-04-02 20:07:12.0962 INFO One Enemey was created 
2018-04-02 20:07:12.0962 INFO All Enemies were created
2018-04-02 20:07:14.5827 INFO Try find all Players by id
2018-04-02 20:07:24.2846 INFO Additional plugin was loaded
2018-04-02 20:07:25.0601 INFO One Apple was created 
2018-04-02 20:07:25.0741 INFO One Apple was created 
2018-04-02 20:07:25.0862 INFO One Apple was created 
2018-04-02 20:07:25.0862 INFO One Apple was created 
2018-04-02 20:07:25.1023 INFO One Apple was created 
2018-04-02 20:07:25.1102 INFO All Apples were created
2018-04-02 20:07:25.1102 INFO One Enemey was created 
2018-04-02 20:07:25.1301 INFO All Enemies were created
2018-04-02 20:07:25.1437 INFO One Enemey was created 
2018-04-02 20:07:25.1437 INFO All Enemies were created
2018-04-02 20:07:25.1638 INFO One Enemey was created 
2018-04-02 20:07:25.1638 INFO All Enemies were created
2018-04-02 20:07:25.1838 INFO One Enemey was created 
2018-04-02 20:07:25.1908 INFO All Enemies were created
2018-04-02 20:07:25.1908 INFO One Enemey was created 
2018-04-02 20:07:25.2119 INFO All Enemies were created
2018-04-02 20:07:25.8739 INFO Additional plugin was loaded
2018-04-02 20:07:26.6408 INFO One Apple was created 
2018-04-02 20:07:26.6549 INFO One Apple was created 
2018-04-02 20:07:26.6709 INFO One Apple was created 
2018-04-02 20:07:26.6769 INFO One Apple was created 
2018-04-02 20:07:26.6769 INFO One Apple was created 
2018-04-02 20:07:26.6769 INFO All Apples were created
2018-04-02 20:07:26.6905 INFO One Enemey was created 
2018-04-02 20:07:26.6905 INFO All Enemies were created
2018-04-02 20:07:26.6905 INFO One Enemey was created 
2018-04-02 20:07:26.6905 INFO All Enemies were created
2018-04-02 20:07:26.7055 INFO One Enemey was created 
2018-04-02 20:07:26.7055 INFO All Enemies were created
2018-04-02 20:07:26.7055 INFO One Enemey was created 
2018-04-02 20:07:26.7201 INFO All Enemies were created
2018-04-02 20:07:26.7201 INFO One Enemey was created 
2018-04-02 20:07:26.7201 INFO All Enemies were created
2018-04-02 20:07:27.3914 INFO Additional plugin was loaded
2018-04-02 20:07:28.1541 INFO One Apple was created 
2018-04-02 20:07:28.1692 INFO One Apple was created 
2018-04-02 20:07:28.1832 INFO One Apple was created 
2018-04-02 20:07:28.2019 INFO One Apple was created 
2018-04-02 20:07:28.2090 INFO One Apple was created 
2018-04-02 20:07:28.2090 INFO All Apples were created
2018-04-02 20:07:28.2201 INFO One Enemey was created 
2018-04-02 20:07:28.2201 INFO All Enemies were created
2018-04-02 20:07:28.2201 INFO One Enemey was created 
2018-04-02 20:07:28.2201 INFO All Enemies were created
2018-04-02 20:07:28.2386 INFO One Enemey was created 
2018-04-02 20:07:28.2386 INFO All Enemies were created
2018-04-02 20:07:28.2386 INFO One Enemey was created 
2018-04-02 20:07:28.2386 INFO All Enemies were created
2018-04-02 20:07:28.2543 INFO One Enemey was created 
2018-04-02 20:07:28.2543 INFO All Enemies were created
2018-04-02 20:07:28.8608 INFO Additional plugin was loaded
2018-04-02 20:07:29.5272 INFO One Apple was created 
2018-04-02 20:07:29.5352 INFO One Apple was created 
2018-04-02 20:07:29.5352 INFO One Apple was created 
2018-04-02 20:07:29.5538 INFO One Apple was created 
2018-04-02 20:07:29.5688 INFO One Apple was created 
2018-04-02 20:07:29.5808 INFO All Apples were created
2018-04-02 20:07:29.5808 INFO One Enemey was created 
2018-04-02 20:07:29.5808 INFO All Enemies were created
2018-04-02 20:07:29.5958 INFO All Enemies were created
2018-04-02 20:07:29.5958 INFO One Enemey was created 
2018-04-02 20:07:29.5958 INFO All Enemies were created
2018-04-02 20:07:29.5958 INFO One Enemey was created 
2018-04-02 20:07:29.6128 INFO All Enemies were created
2018-04-02 20:07:29.6128 INFO One Enemey was created 
2018-04-02 20:07:29.6128 INFO All Enemies were created
2018-04-02 20:07:29.6259 INFO One Enemey was created 
2018-04-02 20:07:29.6259 INFO All Enemies were created
2018-04-02 20:07:30.2061 INFO Additional plugin was loaded
2018-04-02 20:07:30.8941 INFO One Apple was created 
2018-04-02 20:07:30.9091 INFO One Apple was created 
2018-04-02 20:07:30.9231 INFO One Apple was created 
2018-04-02 20:07:30.9231 INFO One Apple was created 
2018-04-02 20:07:30.9432 INFO One Apple was created 
2018-04-02 20:07:30.9432 INFO All Apples were created
2018-04-02 20:07:30.9628 INFO One Enemey was created 
2018-04-02 20:07:30.9713 INFO All Enemies were created
2018-04-02 20:07:30.9874 INFO One Enemey was created 
2018-04-02 20:07:30.9874 INFO All Enemies were created
2018-04-02 20:07:30.9874 INFO One Enemey was created 
2018-04-02 20:07:31.0049 INFO All Enemies were created
2018-04-02 20:07:31.0049 INFO All Enemies were created
2018-04-02 20:07:31.0049 INFO One Enemey was created 
2018-04-02 20:07:31.0049 INFO All Enemies were created
2018-04-02 20:07:31.0210 INFO One Enemey was created 
2018-04-02 20:07:31.0210 INFO All Enemies were created
2018-04-02 20:07:31.6850 INFO Additional plugin was loaded
2018-04-02 20:07:32.4161 INFO One Apple was created 
2018-04-02 20:07:32.4311 INFO One Apple was created 
2018-04-02 20:07:32.4461 INFO One Apple was created 
2018-04-02 20:07:32.4627 INFO One Apple was created 
2018-04-02 20:07:32.4753 INFO One Apple was created 
2018-04-02 20:07:32.4753 INFO All Apples were created
2018-04-02 20:07:32.4953 INFO One Enemey was created 
2018-04-02 20:07:32.4953 INFO All Enemies were created
2018-04-02 20:07:32.5053 INFO One Enemey was created 
2018-04-02 20:07:32.5053 INFO All Enemies were created
2018-04-02 20:07:32.5053 INFO One Enemey was created 
2018-04-02 20:07:32.5176 INFO All Enemies were created
2018-04-02 20:07:32.5176 INFO One Enemey was created 
2018-04-02 20:07:32.5176 INFO All Enemies were created
2018-04-02 20:07:32.5176 INFO One Enemey was created 
2018-04-02 20:07:32.5338 INFO All Enemies were created
2018-04-02 20:07:33.1763 INFO Additional plugin was loaded
2018-04-02 20:07:33.9189 INFO One Apple was created 
2018-04-02 20:07:33.9349 INFO One Apple was created 
2018-04-02 20:07:33.9500 INFO One Apple was created 
2018-04-02 20:07:33.9658 INFO One Apple was created 
2018-04-02 20:07:33.9804 INFO One Apple was created 
2018-04-02 20:07:33.9924 INFO All Apples were created
2018-04-02 20:07:34.0014 INFO One Enemey was created 
2018-04-02 20:07:34.0014 INFO All Enemies were created
2018-04-02 20:07:34.0014 INFO One Enemey was created 
2018-04-02 20:07:34.0014 INFO All Enemies were created
2018-04-02 20:07:34.0195 INFO One Enemey was created 
2018-04-02 20:07:34.0195 INFO All Enemies were created
2018-04-02 20:07:34.0195 INFO One Enemey was created 
2018-04-02 20:07:34.0195 INFO All Enemies were created
2018-04-02 20:07:34.0354 INFO One Enemey was created 
2018-04-02 20:07:34.0354 INFO All Enemies were created
2018-04-02 20:07:34.7471 INFO Additional plugin was loaded
2018-04-02 20:07:38.0136 INFO One Apple was created 
2018-04-02 20:07:38.0296 INFO One Apple was created 
2018-04-02 20:07:38.0417 INFO One Apple was created 
2018-04-02 20:07:38.0477 INFO One Apple was created 
2018-04-02 20:07:38.0477 INFO One Apple was created 
2018-04-02 20:07:38.0477 INFO All Apples were created
2018-04-02 20:07:38.0477 INFO One Enemey was created 
2018-04-02 20:07:38.0657 INFO All Enemies were created
2018-04-02 20:07:38.0657 INFO One Enemey was created 
2018-04-02 20:07:38.0657 INFO All Enemies were created
2018-04-02 20:07:38.0788 INFO One Enemey was created 
2018-04-02 20:07:38.0788 INFO All Enemies were created
2018-04-02 20:07:38.0788 INFO One Enemey was created 
2018-04-02 20:07:38.0788 INFO All Enemies were created
2018-04-02 20:07:38.0978 INFO One Enemey was created 
2018-04-02 20:07:38.0978 INFO All Enemies were created
2018-04-02 20:07:38.7163 INFO Additional plugin was loaded
2018-04-02 20:07:39.3980 INFO One Apple was created 
2018-04-02 20:07:39.3980 INFO One Apple was created 
2018-04-02 20:07:39.4141 INFO One Apple was created 
2018-04-02 20:07:39.4141 INFO One Apple was created 
2018-04-02 20:07:39.4271 INFO One Apple was created 
2018-04-02 20:07:39.4271 INFO All Apples were created
2018-04-02 20:07:39.4383 INFO One Enemey was created 
2018-04-02 20:07:39.4383 INFO All Enemies were created
2018-04-02 20:07:39.4383 INFO One Enemey was created 
2018-04-02 20:07:39.4383 INFO All Enemies were created
2018-04-02 20:07:39.4546 INFO One Enemey was created 
2018-04-02 20:07:39.4546 INFO All Enemies were created
2018-04-02 20:07:39.4546 INFO One Enemey was created 
2018-04-02 20:07:39.4546 INFO All Enemies were created
2018-04-02 20:07:39.4716 INFO One Enemey was created 
2018-04-02 20:07:39.4716 INFO All Enemies were created
2018-04-02 20:07:40.1884 INFO Additional plugin was loaded
2018-04-02 20:07:40.8526 INFO One Apple was created 
2018-04-02 20:07:40.8526 INFO One Apple was created 
2018-04-02 20:07:40.8606 INFO One Apple was created 
2018-04-02 20:07:40.8606 INFO One Apple was created 
2018-04-02 20:07:40.8606 INFO One Apple was created 
2018-04-02 20:07:40.8606 INFO All Apples were created
2018-04-02 20:07:40.8797 INFO One Enemey was created 
2018-04-02 20:07:40.8797 INFO All Enemies were created
2018-04-02 20:07:40.8797 INFO One Enemey was created 
2018-04-02 20:07:40.8927 INFO All Enemies were created
2018-04-02 20:07:40.8927 INFO One Enemey was created 
2018-04-02 20:07:40.8927 INFO All Enemies were created
2018-04-02 20:07:40.8927 INFO One Enemey was created 
2018-04-02 20:07:40.9095 INFO All Enemies were created
2018-04-02 20:07:40.9095 INFO One Enemey was created 
2018-04-02 20:07:40.9095 INFO All Enemies were created
